<?xml version="1.0" encoding="UTF-8"?>
<!-- Generated by org.testng.reporters.JUnitReportReporter -->
<testsuite hostname="wdts-in-mukulverma" failures="1" tests="3" name="cucumber.TestNGTestRunner" time="22.158" errors="0" timestamp="2025-05-04T22:59:36 IST" skipped="0">
  <testcase classname="cucumber.TestNGTestRunner" name="runScenario" time="10.427"/>
  <testcase classname="cucumber.TestNGTestRunner" name="runScenario" time="6.531">
    <failure message="expected [Login Successfully] but found [Incorrect email or password.]" type="java.lang.AssertionError">
      <![CDATA[java.lang.AssertionError: expected [Login Successfully] but found [Incorrect email or password.]
at org.testng.Assert.fail(Assert.java:111)
at org.testng.Assert.failNotEquals(Assert.java:1590)
at org.testng.Assert.assertEqualsImpl(Assert.java:150)
at org.testng.Assert.assertEquals(Assert.java:132)
at org.testng.Assert.assertEquals(Assert.java:656)
at org.testng.Assert.assertEquals(Assert.java:666)
at seleniumwithmukul.stepDefinitions.StepDefinitionImpl.something_message_id_displayed(StepDefinitionImpl.java:61)
at âœ½."Incorrect email or password." message is displayed(file:///C:/Users/mverma/eclipse-workspace/SeleniumFrameworkDesign/src/test/java/cucumber/ErrorValidations.feature:9)
]]>
    </failure>
  </testcase> <!-- runScenario -->
  <testcase classname="cucumber.TestNGTestRunner" name="runScenario" time="5.200"/>
</testsuite> <!-- cucumber.TestNGTestRunner -->
